<?xml version="1.0" encoding="UTF-8"?>
<coverage generated="1688557712245" clover="3.2.0">
  <project timestamp="1688557712245" name="All files">
    <metrics statements="19" coveredstatements="16" conditionals="0" coveredconditionals="0" methods="10" coveredmethods="7" elements="29" coveredelements="23" complexity="0" loc="19" ncloc="19" packages="1" files="3" classes="3"/>
    <file name="gameBaseElements.js" path="/home/rubp42/CNA/Tests/src/gameBaseElements.js">
      <metrics statements="12" coveredstatements="11" conditionals="0" coveredconditionals="0" methods="3" coveredmethods="3"/>
      <line num="8" count="2" type="stmt"/>
      <line num="9" count="2" type="stmt"/>
      <line num="16" count="1" type="stmt"/>
      <line num="17" count="1" type="stmt"/>
      <line num="25" count="1" type="stmt"/>
      <line num="26" count="1" type="stmt"/>
      <line num="27" count="1" type="stmt"/>
      <line num="28" count="1" type="stmt"/>
      <line num="29" count="1" type="stmt"/>
      <line num="30" count="1" type="stmt"/>
      <line num="31" count="1" type="stmt"/>
      <line num="32" count="0" type="stmt"/>
    </file>
    <file name="gameVariables.js" path="/home/rubp42/CNA/Tests/src/gameVariables.js">
      <metrics statements="7" coveredstatements="5" conditionals="0" coveredconditionals="0" methods="6" coveredmethods="4"/>
      <line num="1" count="2" type="stmt"/>
      <line num="16" count="1" type="stmt"/>
      <line num="23" count="1" type="stmt"/>
      <line num="30" count="16581" type="stmt"/>
      <line num="37" count="0" type="stmt"/>
      <line num="44" count="0" type="stmt"/>
      <line num="51" count="1" type="stmt"/>
    </file>
    <file name="responseHandler.js" path="/home/rubp42/CNA/Tests/src/responseHandler.js">
      <metrics statements="0" coveredstatements="0" conditionals="0" coveredconditionals="0" methods="1" coveredmethods="0"/>
    </file>
  </project>
</coverage>
