{"/home/rubp42/CNA/Tests/src/gameBaseElements.js": {"path":"/home/rubp42/CNA/Tests/src/gameBaseElements.js","statementMap":{"0":{"start":{"line":8,"column":22},"end":{"line":8,"column":54}},"1":{"start":{"line":9,"column":4},"end":{"line":9,"column":49}},"2":{"start":{"line":16,"column":16},"end":{"line":16,"column":31}},"3":{"start":{"line":17,"column":4},"end":{"line":17,"column":44}},"4":{"start":{"line":25,"column":4},"end":{"line":25,"column":47}},"5":{"start":{"line":26,"column":4},"end":{"line":26,"column":59}},"6":{"start":{"line":27,"column":15},"end":{"line":27,"column":56}},"7":{"start":{"line":28,"column":4},"end":{"line":28,"column":22}},"8":{"start":{"line":29,"column":20},"end":{"line":29,"column":29}},"9":{"start":{"line":30,"column":4},"end":{"line":30,"column":27}},"10":{"start":{"line":31,"column":4},"end":{"line":31,"column":51}},"11":{"start":{"line":32,"column":4},"end":{"line":32,"column":21}}},"fnMap":{"0":{"name":"generateIndex","decl":{"start":{"line":7,"column":16},"end":{"line":7,"column":29}},"loc":{"start":{"line":7,"column":32},"end":{"line":10,"column":1}}},"1":{"name":"setObjectToGuess","decl":{"start":{"line":15,"column":16},"end":{"line":15,"column":32}},"loc":{"start":{"line":15,"column":34},"end":{"line":18,"column":1}}},"2":{"name":"setWordToCharArray","decl":{"start":{"line":24,"column":16},"end":{"line":24,"column":34}},"loc":{"start":{"line":24,"column":36},"end":{"line":35,"column":1}}}},"branchMap":{},"s":{"0":2,"1":2,"2":1,"3":1,"4":1,"5":1,"6":1,"7":1,"8":1,"9":1,"10":1,"11":0},"f":{"0":2,"1":1,"2":1},"b":{}}
,"/home/rubp42/CNA/Tests/src/gameVariables.js": {"path":"/home/rubp42/CNA/Tests/src/gameVariables.js","statementMap":{"0":{"start":{"line":1,"column":29},"end":{"line":54,"column":1}},"1":{"start":{"line":16,"column":8},"end":{"line":16,"column":30}},"2":{"start":{"line":23,"column":8},"end":{"line":23,"column":34}},"3":{"start":{"line":30,"column":8},"end":{"line":30,"column":41}},"4":{"start":{"line":37,"column":8},"end":{"line":37,"column":37}},"5":{"start":{"line":44,"column":8},"end":{"line":44,"column":36}},"6":{"start":{"line":51,"column":8},"end":{"line":52,"column":62}}},"fnMap":{"0":{"name":"(anonymous_0)","decl":{"start":{"line":15,"column":4},"end":{"line":15,"column":5}},"loc":{"start":{"line":15,"column":19},"end":{"line":17,"column":5}}},"1":{"name":"(anonymous_1)","decl":{"start":{"line":22,"column":4},"end":{"line":22,"column":5}},"loc":{"start":{"line":22,"column":23},"end":{"line":24,"column":5}}},"2":{"name":"(anonymous_2)","decl":{"start":{"line":29,"column":4},"end":{"line":29,"column":5}},"loc":{"start":{"line":29,"column":30},"end":{"line":31,"column":5}}},"3":{"name":"(anonymous_3)","decl":{"start":{"line":36,"column":4},"end":{"line":36,"column":5}},"loc":{"start":{"line":36,"column":30},"end":{"line":38,"column":5}}},"4":{"name":"(anonymous_4)","decl":{"start":{"line":43,"column":4},"end":{"line":43,"column":5}},"loc":{"start":{"line":43,"column":29},"end":{"line":45,"column":5}}},"5":{"name":"(anonymous_5)","decl":{"start":{"line":50,"column":4},"end":{"line":50,"column":5}},"loc":{"start":{"line":50,"column":41},"end":{"line":53,"column":5}}}},"branchMap":{},"s":{"0":2,"1":1,"2":1,"3":16581,"4":0,"5":0,"6":1},"f":{"0":1,"1":1,"2":16581,"3":0,"4":0,"5":1},"b":{}}
,"/home/rubp42/CNA/Tests/src/responseHandler.js": {"path":"/home/rubp42/CNA/Tests/src/responseHandler.js","statementMap":{},"fnMap":{"0":{"name":"compareInputCharToCharArray","decl":{"start":{"line":3,"column":16},"end":{"line":3,"column":43}},"loc":{"start":{"line":3,"column":50},"end":{"line":5,"column":1}}}},"branchMap":{},"s":{},"f":{"0":0},"b":{}}
}
